[1.163s] DEBUG:colcon:Command line arguments: ['/usr/bin/colcon', 'list', '-p', '--base-paths', '/home/nathan/lesebot_ws/src']
[1.163s] DEBUG:colcon:Parsed command line arguments: Namespace(log_base=None, log_level=None, verb_name='list', build_base='build', ignore_user_meta=False, metas=['./colcon.meta'], base_paths=['/home/nathan/lesebot_ws/src'], packages_ignore=None, packages_ignore_regex=None, paths=None, packages_up_to=None, packages_up_to_regex=None, packages_above=None, packages_above_and_dependencies=None, packages_above_depth=None, packages_select_by_dep=None, packages_skip_by_dep=None, packages_skip_up_to=None, packages_select_build_failed=False, packages_skip_build_finished=False, packages_select_test_failures=False, packages_skip_test_passed=False, packages_select=None, packages_skip=None, packages_select_regex=None, packages_skip_regex=None, packages_start=None, packages_end=None, allow_overriding=[], topological_order=False, names_only=False, paths_only=True, topological_graph=False, topological_graph_dot=False, topological_graph_density=False, topological_graph_legend=False, topological_graph_dot_cluster=False, topological_graph_dot_include_skipped=False, verb_parser=<colcon_defaults.argument_parser.defaults.DefaultArgumentsDecorator object at 0x7fae91bf9210>, verb_extension=<colcon_package_information.verb.list.ListVerb object at 0x7fae91bfbd60>, main=<bound method ListVerb.main of <colcon_package_information.verb.list.ListVerb object at 0x7fae91bfbd60>>)
[1.236s] Level 1:colcon.colcon_core.package_discovery:discover_packages(colcon_meta) check parameters
[1.236s] Level 1:colcon.colcon_core.package_discovery:discover_packages(recursive) check parameters
[1.236s] Level 1:colcon.colcon_core.package_discovery:discover_packages(ignore) check parameters
[1.236s] Level 1:colcon.colcon_core.package_discovery:discover_packages(path) check parameters
[1.236s] Level 1:colcon.colcon_core.package_discovery:discover_packages(recursive) discover
[1.236s] INFO:colcon.colcon_core.package_discovery:Crawling recursively for packages in '/home/nathan/lesebot_ws/src'
[1.236s] Level 1:colcon.colcon_core.package_identification:_identify(/home/nathan/lesebot_ws/src) by extensions ['ignore', 'ignore_ament_install']
[1.237s] Level 1:colcon.colcon_core.package_identification:_identify(/home/nathan/lesebot_ws/src) by extension 'ignore'
[1.237s] Level 1:colcon.colcon_core.package_identification:_identify(/home/nathan/lesebot_ws/src) by extension 'ignore_ament_install'
[1.237s] Level 1:colcon.colcon_core.package_identification:_identify(/home/nathan/lesebot_ws/src) by extensions ['colcon_pkg']
[1.237s] Level 1:colcon.colcon_core.package_identification:_identify(/home/nathan/lesebot_ws/src) by extension 'colcon_pkg'
[1.237s] Level 1:colcon.colcon_core.package_identification:_identify(/home/nathan/lesebot_ws/src) by extensions ['colcon_meta']
[1.237s] Level 1:colcon.colcon_core.package_identification:_identify(/home/nathan/lesebot_ws/src) by extension 'colcon_meta'
[1.237s] Level 1:colcon.colcon_core.package_identification:_identify(/home/nathan/lesebot_ws/src) by extensions ['ros']
[1.237s] Level 1:colcon.colcon_core.package_identification:_identify(/home/nathan/lesebot_ws/src) by extension 'ros'
[1.250s] Level 1:colcon.colcon_core.package_identification:_identify(/home/nathan/lesebot_ws/src) by extensions ['cmake', 'python']
[1.250s] Level 1:colcon.colcon_core.package_identification:_identify(/home/nathan/lesebot_ws/src) by extension 'cmake'
[1.250s] Level 1:colcon.colcon_core.package_identification:_identify(/home/nathan/lesebot_ws/src) by extension 'python'
[1.250s] Level 1:colcon.colcon_core.package_identification:_identify(/home/nathan/lesebot_ws/src) by extensions ['python_setup_py']
[1.250s] Level 1:colcon.colcon_core.package_identification:_identify(/home/nathan/lesebot_ws/src) by extension 'python_setup_py'
[1.251s] Level 1:colcon.colcon_core.package_identification:_identify(/home/nathan/lesebot_ws/src/lese-bot) by extensions ['ignore', 'ignore_ament_install']
[1.251s] Level 1:colcon.colcon_core.package_identification:_identify(/home/nathan/lesebot_ws/src/lese-bot) by extension 'ignore'
[1.251s] Level 1:colcon.colcon_core.package_identification:_identify(/home/nathan/lesebot_ws/src/lese-bot) by extension 'ignore_ament_install'
[1.251s] Level 1:colcon.colcon_core.package_identification:_identify(/home/nathan/lesebot_ws/src/lese-bot) by extensions ['colcon_pkg']
[1.251s] Level 1:colcon.colcon_core.package_identification:_identify(/home/nathan/lesebot_ws/src/lese-bot) by extension 'colcon_pkg'
[1.251s] Level 1:colcon.colcon_core.package_identification:_identify(/home/nathan/lesebot_ws/src/lese-bot) by extensions ['colcon_meta']
[1.251s] Level 1:colcon.colcon_core.package_identification:_identify(/home/nathan/lesebot_ws/src/lese-bot) by extension 'colcon_meta'
[1.251s] Level 1:colcon.colcon_core.package_identification:_identify(/home/nathan/lesebot_ws/src/lese-bot) by extensions ['ros']
[1.251s] Level 1:colcon.colcon_core.package_identification:_identify(/home/nathan/lesebot_ws/src/lese-bot) by extension 'ros'
[1.251s] Level 1:colcon.colcon_core.package_identification:_identify(/home/nathan/lesebot_ws/src/lese-bot) by extensions ['cmake', 'python']
[1.251s] Level 1:colcon.colcon_core.package_identification:_identify(/home/nathan/lesebot_ws/src/lese-bot) by extension 'cmake'
[1.251s] Level 1:colcon.colcon_core.package_identification:_identify(/home/nathan/lesebot_ws/src/lese-bot) by extension 'python'
[1.251s] Level 1:colcon.colcon_core.package_identification:_identify(/home/nathan/lesebot_ws/src/lese-bot) by extensions ['python_setup_py']
[1.251s] Level 1:colcon.colcon_core.package_identification:_identify(/home/nathan/lesebot_ws/src/lese-bot) by extension 'python_setup_py'
[1.251s] Level 1:colcon.colcon_core.package_identification:_identify(/home/nathan/lesebot_ws/src/lese_describtion) by extensions ['ignore', 'ignore_ament_install']
[1.252s] Level 1:colcon.colcon_core.package_identification:_identify(/home/nathan/lesebot_ws/src/lese_describtion) by extension 'ignore'
[1.252s] Level 1:colcon.colcon_core.package_identification:_identify(/home/nathan/lesebot_ws/src/lese_describtion) by extension 'ignore_ament_install'
[1.252s] Level 1:colcon.colcon_core.package_identification:_identify(/home/nathan/lesebot_ws/src/lese_describtion) by extensions ['colcon_pkg']
[1.252s] Level 1:colcon.colcon_core.package_identification:_identify(/home/nathan/lesebot_ws/src/lese_describtion) by extension 'colcon_pkg'
[1.252s] Level 1:colcon.colcon_core.package_identification:_identify(/home/nathan/lesebot_ws/src/lese_describtion) by extensions ['colcon_meta']
[1.252s] Level 1:colcon.colcon_core.package_identification:_identify(/home/nathan/lesebot_ws/src/lese_describtion) by extension 'colcon_meta'
[1.252s] Level 1:colcon.colcon_core.package_identification:_identify(/home/nathan/lesebot_ws/src/lese_describtion) by extensions ['ros']
[1.252s] Level 1:colcon.colcon_core.package_identification:_identify(/home/nathan/lesebot_ws/src/lese_describtion) by extension 'ros'
[1.255s] DEBUG:colcon.colcon_core.package_identification:Package '/home/nathan/lesebot_ws/src/lese_describtion' with type 'ros.ament_python' and name 'lese_describtion'
[1.255s] Level 1:colcon.colcon_core.package_identification:_identify(/home/nathan/lesebot_ws/src/log) by extensions ['ignore', 'ignore_ament_install']
[1.255s] Level 1:colcon.colcon_core.package_identification:_identify(/home/nathan/lesebot_ws/src/log) by extension 'ignore'
[1.255s] Level 1:colcon.colcon_core.package_identification:_identify(/home/nathan/lesebot_ws/src/log) ignored
[1.255s] Level 1:colcon.colcon_core.package_discovery:discover_packages(recursive) using defaults
